<?xml version="1.0" encoding="UTF-8"?>
<!-- Generated by org.testng.reporters.JUnitXMLReporter -->
<testsuite hostname="Sudharsan" ignored="1" name="Default test(failed)" tests="2" failures="2" timestamp="05 Dec 2022 04:51:21 GMT" time="6.448" errors="0">
  <testcase name="tc21" time="3.68" classname="org.sample.B">
    <failure type="java.lang.AssertionError" message="expected [Facebook] but found [facebook]">
      <![CDATA[java.lang.AssertionError: expected [Facebook] but found [facebook]
at org.sample.B.tc21(B.java:26)
... Removed 31 stack frames]]>
    </failure>
  </testcase> <!-- tc21 -->
  <testcase name="tc22" time="2.734" classname="org.sample.B">
    <failure type="java.lang.AssertionError" message="expected [true] but found [false]">
      <![CDATA[java.lang.AssertionError: expected [true] but found [false]
at org.sample.B.tc22(B.java:41)
... Removed 29 stack frames]]>
    </failure>
  </testcase> <!-- tc22 -->
  <testcase name="tc23" time="0.0" classname="org.sample.B">
    <ignored/>
  </testcase> <!-- tc23 -->
</testsuite> <!-- Default test(failed) -->
