<?xml version="1.0" encoding="UTF-8"?>
<!-- Generated by org.testng.reporters.JUnitXMLReporter -->
<testsuite hostname="Sudharsan" ignored="0" name="Test" tests="9" failures="2" timestamp="06 Dec 2022 04:36:30 GMT" time="32.82" errors="0">
  <testcase name="tc21" time="4.279" classname="org.sample.B">
    <skipped/>
  </testcase> <!-- tc21 -->
  <testcase name="tc21" time="2.708" classname="org.sample.B">
    <skipped/>
  </testcase> <!-- tc21 -->
  <testcase name="tc21" time="2.83" classname="org.sample.B">
    <skipped/>
  </testcase> <!-- tc21 -->
  <testcase name="tc21" time="2.893" classname="org.sample.B">
    <failure type="java.lang.AssertionError" message="expected [Facebook] but found [facebook]">
      <![CDATA[java.lang.AssertionError: expected [Facebook] but found [facebook]
at org.sample.B.tc21(B.java:26)
... Removed 31 stack frames]]>
    </failure>
  </testcase> <!-- tc21 -->
  <testcase name="tc22" time="3.014" classname="org.sample.B">
    <skipped/>
  </testcase> <!-- tc22 -->
  <testcase name="tc22" time="3.38" classname="org.sample.B">
    <skipped/>
  </testcase> <!-- tc22 -->
  <testcase name="tc22" time="3.67" classname="org.sample.B">
    <skipped/>
  </testcase> <!-- tc22 -->
  <testcase name="tc22" time="3.925" classname="org.sample.B">
    <failure type="java.lang.AssertionError" message="expected [true] but found [false]">
      <![CDATA[java.lang.AssertionError: expected [true] but found [false]
at org.sample.B.tc22(B.java:41)
... Removed 29 stack frames]]>
    </failure>
  </testcase> <!-- tc22 -->
  <testcase name="tc23" time="6.062" classname="org.sample.B"/>
</testsuite> <!-- Test -->
